isMC = true, isData = false
Submit jobs to DirectDriver...
process = ttbar
Read MC files...
SampleHandler with 1 files
Sample:name=MC,tags=()
file:///raid05/users/shen/Ximo_ntuples/v44/MC/ttbar_merged.root


PathResolver              WARNING XMLPATH environment variable not defined!
PathResolver              WARNING XMLPATH environment variable not defined!
--- TGRLCollection      : Now merging GRLs where possible. Metadata required to be identical.[0m
myWeightTool              INFO    AsgTool myWeightTool @ 0x27b4d10
asg::ToolStore::put       WARNING Tool with name "GoodRunsListSelectionTool" already registered
PathResolver              WARNING XMLPATH environment variable not defined!
PathResolver              WARNING XMLPATH environment variable not defined!
--- TGRLCollection      : Now merging GRLs where possible. Metadata required to be identical.[0m
asg::ToolStore::put       WARNING Tool with name "Pileup" already registered
asg::ToolStore::put       WARNING Tool with name "myWeightTool" already registered
myWeightTool              INFO    AsgTool myWeightTool @ 0x23d5740
asg::ToolStore::put       WARNING Tool with name "GoodRunsListSelectionTool" already registered
PathResolver              WARNING XMLPATH environment variable not defined!
PathResolver              WARNING XMLPATH environment variable not defined!
--- TGRLCollection      : Now merging GRLs where possible. Metadata required to be identical.[0m
asg::ToolStore::put       WARNING Tool with name "Pileup" already registered
asg::ToolStore::put       WARNING Tool with name "myWeightTool" already registered
myWeightTool              INFO    AsgTool myWeightTool @ 0x4602990
Running sample: MC
Processing File: file:///raid05/users/shen/Ximo_ntuples/v44/MC/ttbar_merged.root
derivation_stat_weights=4.93866e+07
Processed 10000 events
Processed 20000 events
Processed 30000 events
Processed 40000 events
Processed 50000 events
Processed 60000 events
Processed 70000 events
Processed 80000 events
Processed 90000 events
Processed 100000 events
Processed 110000 events
Processed 120000 events
Processed 130000 events
Processed 140000 events
Processed 150000 events
Processed 160000 events
Processed 170000 events
Processed 180000 events
Processed 190000 events
Processed 200000 events
Processed 210000 events
Processed 220000 events
Processed 230000 events
Processed 240000 events
Processed 250000 events
Processed 260000 events
Processed 270000 events
Processed 280000 events
Processed 290000 events
Processed 300000 events
Processed 310000 events
Processed 320000 events
Processed 330000 events
Processed 340000 events
Processed 350000 events
Processed 360000 events
Processed 370000 events
Processed 380000 events
Processed 390000 events
Processed 400000 events
Processed 410000 events
Processed 420000 events
Processed 430000 events
Processed 440000 events
Processed 450000 events
Processed 460000 events
Processed 470000 events
Processed 480000 events
Processed 490000 events
Processed 500000 events
Processed 510000 events
Processed 520000 events
Processed 530000 events
Processed 540000 events
Processed 550000 events
Processed 560000 events
Processed 570000 events
Processed 580000 events
Processed 590000 events
Processed 600000 events
Processed 610000 events
Processed 620000 events
Processed 630000 events
Processed 640000 events
Processed 650000 events
Processed 660000 events
Processed 670000 events
Processed 680000 events
Processed 690000 events
Processed 700000 events
Processed 710000 events
Processed 720000 events
Processed 730000 events
Processed 740000 events
Processed 750000 events
Processed 760000 events
Processed 770000 events
Processed 780000 events
Processed 790000 events
Processed 800000 events
Processed 810000 events
Processed 820000 events
Processed 830000 events
Processed 840000 events
Processed 850000 events
Processed 860000 events
Processed 870000 events
Processed 880000 events
Processed 890000 events
Processed 900000 events
Processed 910000 events
Processed 920000 events
Processed 930000 events
Processed 940000 events
Processed 950000 events
Processed 960000 events
Processed 970000 events
Processed 980000 events
Processed 990000 events
Processed 1000000 events
Processed 1010000 events
Processed 1020000 events
Processed 1030000 events
Processed 1040000 events
Processed 1050000 events
Processed 1060000 events
Processed 1070000 events
Processed 1080000 events
Processed 1090000 events
Processed 1100000 events
Processed 1110000 events
Processed 1120000 events
Processed 1130000 events
Processed 1140000 events
Processed 1150000 events
Processed 1160000 events
Processed 1170000 events
Processed 1180000 events
Processed 1190000 events
Processed 1200000 events
Processed 1210000 events
Processed 1220000 events
Processed 1230000 events
Processed 1240000 events
Processed 1250000 events
Processed 1260000 events
Processed 1270000 events
Processed 1280000 events
Processed 1290000 events
Processed 1300000 events
Processed 1310000 events
Processed 1320000 events
Processed 1330000 events
Processed 1340000 events
Processed 1350000 events
Processed 1360000 events
Processed 1370000 events
Processed 1380000 events
Processed 1390000 events
Processed 1400000 events
Processed 1410000 events
Processed 1420000 events
Processed 1430000 events
Processed 1440000 events
Processed 1450000 events
Processed 1460000 events
Processed 1470000 events
Processed 1480000 events
Processed 1490000 events
Processed 1500000 events
Processed 1510000 events
Processed 1520000 events
Processed 1530000 events
Processed 1540000 events
Processed 1550000 events
Processed 1560000 events
Processed 1570000 events
Processed 1580000 events
Processed 1590000 events
Processed 1600000 events
Processed 1610000 events
Processed 1620000 events
Processed 1630000 events
Processed 1640000 events
Processed 1650000 events
Processed 1660000 events
Processed 1670000 events
Processed 1680000 events
Processed 1690000 events
Processed 1700000 events
Processed 1710000 events
Processed 1720000 events
Processed 1730000 events
Processed 1740000 events
Processed 1750000 events
Processed 1760000 events
Processed 1770000 events
Processed 1780000 events
Processed 1790000 events
Processed 1800000 events
Processed 1810000 events
Processed 1820000 events
Processed 1830000 events
Processed 1840000 events
Processed 1850000 events
Processed 1860000 events
Processed 1870000 events
Processed 1880000 events
Processed 1890000 events
Processed 1900000 events
Processed 1910000 events
Processed 1920000 events
Processed 1930000 events
Processed 1940000 events
Processed 1950000 events
Processed 1960000 events
Processed 1970000 events
Processed 1980000 events
Processed 1990000 events
Processed 2000000 events
Processed 2010000 events
Processed 2020000 events
Processed 2030000 events
Processed 2040000 events
Processed 2050000 events
Processed 2060000 events
Processed 2070000 events
Processed 2080000 events
Processed 2090000 events
Processed 2100000 events
Processed 2110000 events
Processed 2120000 events
Processed 2130000 events
Processed 2140000 events
Processed 2150000 events
Processed 2160000 events
Processed 2170000 events
Processed 2180000 events
Processed 2190000 events
Processed 2200000 events
Processed 2210000 events
Processed 2220000 events
Processed 2230000 events
Processed 2240000 events
Processed 2250000 events
Processed 2260000 events
Processed 2270000 events
Processed 2280000 events
Processed 2290000 events
Processed 2300000 events
Processed 2310000 events
Processed 2320000 events
Processed 2330000 events
Processed 2340000 events
Processed 2350000 events
Processed 2360000 events
Processed 2370000 events
Processed 2380000 events
Processed 2390000 events
Processed 2400000 events
Processed 2410000 events
Processed 2420000 events
Processed 2430000 events
Processed 2440000 events
Processed 2450000 events
Processed 2460000 events
Processed 2470000 events
Processed 2480000 events
Processed 2490000 events
Processed 2500000 events
Processed 2510000 events
Processed 2520000 events
Processed 2530000 events
Processed 2540000 events
Processed 2550000 events
Processed 2560000 events
Processed 2570000 events
Processed 2580000 events
Processed 2590000 events
Processed 2600000 events
Processed 2610000 events
Processed 2620000 events
Processed 2630000 events
Processed 2640000 events
Processed 2650000 events
Processed 2660000 events
Processed 2670000 events
Processed 2680000 events
Processed 2690000 events
Processed 2700000 events
Processed 2710000 events
Processed 2720000 events
Processed 2730000 events
Processed 2740000 events
Processed 2750000 events
Processed 2760000 events
Processed 2770000 events
Processed 2780000 events
Processed 2790000 events
Processed 2800000 events
Processed 2810000 events
Processed 2820000 events
Processed 2830000 events
Processed 2840000 events
Processed 2850000 events
Processed 2860000 events
Processed 2870000 events
Processed 2880000 events
Processed 2890000 events
Processed 2900000 events
Processed 2910000 events
Processed 2920000 events
Processed 2930000 events
Processed 2940000 events
Processed 2950000 events
Processed 2960000 events
Processed 2970000 events
Processed 2980000 events
Processed 2990000 events
Processed 3000000 events
Processed 3010000 events
Processed 3020000 events
Processed 3030000 events
Processed 3040000 events
Processed 3050000 events
Processed 3060000 events
Processed 3070000 events
Processed 3080000 events
Processed 3090000 events
Processed 3100000 events
Processed 3110000 events
Processed 3120000 events
Processed 3130000 events
Processed 3140000 events
Processed 3150000 events
Processed 3160000 events
Processed 3170000 events
Processed 3180000 events
Processed 3190000 events
Processed 3200000 events
Processed 3210000 events
Processed 3220000 events
Processed 3230000 events
Processed 3240000 events
Processed 3250000 events
Processed 3260000 events
Processed 3270000 events
Processed 3280000 events
Processed 3290000 events
Processed 3300000 events
Processed 3310000 events
Processed 3320000 events
Processed 3330000 events
Processed 3340000 events
Processed 3350000 events
Processed 3360000 events
Processed 3370000 events
Processed 3380000 events
Processed 3390000 events
Processed 3400000 events
Processed 3410000 events
Processed 3420000 events
Processed 3430000 events
Processed 3440000 events
Processed 3450000 events
Processed 3460000 events
Processed 3470000 events
Processed 3480000 events
Processed 3490000 events
Processed 3500000 events
Processed 3510000 events
Processed 3520000 events
Processed 3530000 events
Processed 3540000 events
Processed 3550000 events
Processed 3560000 events
Processed 3570000 events
Processed 3580000 events
Processed 3590000 events
Processed 3600000 events
Processed 3610000 events
Processed 3620000 events
Processed 3630000 events
Processed 3640000 events
Processed 3650000 events
Processed 3660000 events
Processed 3670000 events
Processed 3680000 events
Processed 3690000 events
Processed 3700000 events
Processed 3710000 events
Processed 3720000 events
Processed 3730000 events
Processed 3740000 events
Processed 3750000 events
Processed 3760000 events
Processed 3770000 events
Processed 3780000 events
Processed 3790000 events
Processed 3800000 events
Processed 3810000 events
Processed 3820000 events
Processed 3830000 events
Processed 3840000 events
Processed 3850000 events
Processed 3860000 events
Processed 3870000 events
Processed 3880000 events
Processed 3890000 events
Processed 3900000 events
Processed 3910000 events
Processed 3920000 events
Processed 3930000 events
Processed 3940000 events
Processed 3950000 events
Processed 3960000 events
Processed 3970000 events
Processed 3980000 events
Processed 3990000 events
Processed 4000000 events
Processed 4010000 events
Processed 4020000 events
Processed 4030000 events
Processed 4040000 events
Processed 4050000 events
Processed 4060000 events
Processed 4070000 events
Processed 4080000 events
Processed 4090000 events
Processed 4100000 events
Processed 4110000 events
Processed 4120000 events
Processed 4130000 events
Processed 4140000 events
Processed 4150000 events
Processed 4160000 events
Processed 4170000 events
Processed 4180000 events
Processed 4190000 events
Processed 4200000 events
Processed 4210000 events
Processed 4220000 events
Processed 4230000 events
Processed 4240000 events
Processed 4250000 events
Processed 4260000 events
Processed 4270000 events
Processed 4280000 events
Processed 4290000 events
Processed 4300000 events
Processed 4310000 events
Processed 4320000 events
Processed 4330000 events
Processed 4340000 events
Processed 4350000 events
Processed 4360000 events
Processed 4370000 events
Processed 4380000 events
Processed 4390000 events
Processed 4400000 events
Processed 4410000 events
Processed 4420000 events
Processed 4430000 events
Processed 4440000 events
Processed 4450000 events
Processed 4460000 events
Processed 4470000 events
Processed 4480000 events
Processed 4490000 events
Processed 4500000 events
Processed 4510000 events
Processed 4520000 events
Processed 4530000 events
Processed 4540000 events
Processed 4550000 events
Processed 4560000 events
Processed 4570000 events
Processed 4580000 events
Processed 4590000 events
Processed 4600000 events
Processed 4610000 events
Processed 4620000 events
Processed 4630000 events
Processed 4640000 events
Processed 4650000 events
Processed 4660000 events
Processed 4670000 events
Processed 4680000 events
Processed 4690000 events
Processed 4700000 events
Processed 4710000 events
Processed 4720000 events
Processed 4730000 events
Processed 4740000 events
Processed 4750000 events
Processed 4760000 events
Processed 4770000 events
Processed 4780000 events
Processed 4790000 events
Processed 4800000 events
Processed 4810000 events
Processed 4820000 events
Processed 4830000 events
Processed 4840000 events
Processed 4850000 events
Processed 4860000 events
Processed 4870000 events
Processed 4880000 events
Processed 4890000 events
Processed 4900000 events
Processed 4910000 events
Processed 4920000 events
Processed 4930000 events
Processed 4940000 events
Processed 4950000 events
Processed 4960000 events
Processed 4970000 events
Processed 4980000 events
Processed 4990000 events
Processed 5000000 events
Processed 5010000 events
Processed 5020000 events
Processed 5030000 events
Processed 5040000 events
Processed 5050000 events
Processed 5060000 events
Processed 5070000 events
Processed 5080000 events
Processed 5090000 events
Processed 5100000 events
Processed 5110000 events
Processed 5120000 events
Processed 5130000 events
Processed 5140000 events
Processed 5150000 events
Processed 5160000 events
Processed 5170000 events
Processed 5180000 events
Processed 5190000 events
Processed 5200000 events
Processed 5210000 events
Processed 5220000 events
Processed 5230000 events
Processed 5240000 events
Processed 5250000 events
Processed 5260000 events
Processed 5270000 events
Processed 5280000 events
Processed 5290000 events
Processed 5300000 events
Processed 5310000 events
Processed 5320000 events
Processed 5330000 events
Processed 5340000 events
Processed 5350000 events
Processed 5360000 events
Processed 5370000 events
Processed 5380000 events
Processed 5390000 events
Processed 5400000 events
Processed 5410000 events
Processed 5420000 events
Processed 5430000 events
Processed 5440000 events
Processed 5450000 events
Processed 5460000 events
Processed 5470000 events
Processed 5480000 events
Processed 5490000 events
Processed 5500000 events
Processed 5510000 events
Processed 5520000 events
Processed 5530000 events
Processed 5540000 events
Processed 5550000 events
Processed 5560000 events
Processed 5570000 events
Processed 5580000 events
Processed 5590000 events
Processed 5600000 events
Processed 5610000 events
Processed 5620000 events
Processed 5630000 events
Processed 5640000 events
Processed 5650000 events
Processed 5660000 events
Processed 5670000 events
Processed 5680000 events
Processed 5690000 events
Processed 5700000 events
Processed 5710000 events
Processed 5720000 events
Processed 5730000 events
Processed 5740000 events
Processed 5750000 events
Processed 5760000 events
Processed 5770000 events
Processed 5780000 events
Processed 5790000 events
Processed 5800000 events
Processed 5810000 events
Processed 5820000 events
Processed 5830000 events
Processed 5840000 events
Processed 5850000 events
Processed 5860000 events
Processed 5870000 events
Processed 5880000 events
Processed 5890000 events
Processed 5900000 events
Processed 5910000 events
Processed 5920000 events
Processed 5930000 events
Processed 5940000 events
Processed 5950000 events
Processed 5960000 events
Processed 5970000 events
Processed 5980000 events
Processed 5990000 events
Processed 6000000 events
Processed 6010000 events
Processed 6020000 events
Processed 6030000 events
Processed 6040000 events
Processed 6050000 events
Processed 6060000 events
Processed 6070000 events
Processed 6080000 events
Processed 6090000 events
Processed 6100000 events
Processed 6110000 events
Processed 6120000 events
Processed 6130000 events
Processed 6140000 events
Processed 6150000 events
Processed 6160000 events
Processed 6170000 events
Processed 6180000 events
Processed 6190000 events
Processed 6200000 events
Processed 6210000 events
Processed 6220000 events
Processed 6230000 events
Processed 6240000 events
Processed 6250000 events
Processed 6260000 events
Processed 6270000 events
Processed 6280000 events
Processed 6290000 events
Processed 6300000 events
Processed 6310000 events
Processed 6320000 events
Processed 6330000 events
Processed 6340000 events
Processed 6350000 events
Processed 6360000 events
Processed 6370000 events
Processed 6380000 events
Processed 6390000 events
Processed 6400000 events
Processed 6410000 events
Processed 6420000 events
Processed 6430000 events
Processed 6440000 events
Processed 6450000 events
Processed 6460000 events
Processed 6470000 events
Processed 6480000 events
Processed 6490000 events
Processed 6500000 events
Processed 6510000 events
Processed 6520000 events
Processed 6530000 events
Processed 6540000 events
Processed 6550000 events
Processed 6560000 events
Processed 6570000 events
Processed 6580000 events
Processed 6590000 events
Processed 6600000 events
Processed 6610000 events
Processed 6620000 events
Processed 6630000 events
Processed 6640000 events
Processed 6650000 events
Processed 6660000 events
Processed 6670000 events
Processed 6680000 events
Processed 6690000 events
Processed 6700000 events
Processed 6710000 events
Processed 6720000 events
Processed 6730000 events
Processed 6740000 events
Processed 6750000 events
Processed 6760000 events
Processed 6770000 events
Processed 6780000 events
Processed 6790000 events
Processed 6800000 events
Processed 6810000 events
Processed 6820000 events
Processed 6830000 events
Processed 6840000 events
Processed 6850000 events
Processed 6860000 events
Processed 6870000 events
Processed 6880000 events
Processed 6890000 events
Processed 6900000 events
Processed 6910000 events
Processed 6920000 events
Processed 6930000 events
Processed 6940000 events
Processed 6950000 events
Processed 6960000 events
Processed 6970000 events
Processed 6980000 events
Processed 6990000 events
Processed 7000000 events
Processed 7010000 events
Processed 7020000 events
Processed 7030000 events
Processed 7040000 events
Processed 7050000 events
Processed 7060000 events
Processed 7070000 events
Processed 7080000 events
Processed 7090000 events
Processed 7100000 events
Processed 7110000 events
Processed 7120000 events
Processed 7130000 events
Processed 7140000 events
Processed 7150000 events
Processed 7160000 events
Processed 7170000 events
Processed 7180000 events
Processed 7190000 events
Processed 7200000 events
Processed 7210000 events
Processed 7220000 events
Processed 7230000 events
Processed 7240000 events
Processed 7250000 events
Processed 7260000 events
Processed 7270000 events
Processed 7280000 events
Processed 7290000 events
Processed 7300000 events
Processed 7310000 events
Processed 7320000 events
Processed 7330000 events
Processed 7340000 events
Processed 7350000 events
Processed 7360000 events
Processed 7370000 events
Processed 7380000 events
Processed 7390000 events
Processed 7400000 events
Processed 7410000 events
Processed 7420000 events
Processed 7430000 events
Processed 7440000 events
Processed 7450000 events
Processed 7460000 events
Processed 7470000 events
Processed 7480000 events
Processed 7490000 events
Processed 7500000 events
Processed 7510000 events
Processed 7520000 events
Processed 7530000 events
Processed 7540000 events
Processed 7550000 events
Processed 7560000 events
Processed 7570000 events
Processed 7580000 events
Processed 7590000 events
Processed 7600000 events
Processed 7610000 events
Processed 7620000 events
Processed 7630000 events
Processed 7640000 events
Processed 7650000 events
Processed 7660000 events
Processed 7670000 events
Processed 7680000 events
Processed 7690000 events
Processed 7700000 events
Processed 7710000 events
Processed 7720000 events
Processed 7730000 events
Processed 7740000 events
Processed 7750000 events
Processed 7760000 events
Processed 7770000 events
Processed 7780000 events
Processed 7790000 events
Processed 7800000 events
Processed 7810000 events
Processed 7820000 events
Processed 7830000 events
Processed 7840000 events
Processed 7850000 events
Processed 7860000 events
Processed 7870000 events
Processed 7880000 events
Processed 7890000 events
Processed 7900000 events
Processed 7910000 events
Processed 7920000 events
Processed 7930000 events
Processed 7940000 events
Processed 7950000 events
Processed 7960000 events
Processed 7970000 events
Processed 7980000 events
Processed 7990000 events
Processed 8000000 events
Processed 8010000 events
Processed 8020000 events
Processed 8030000 events
Processed 8040000 events
Processed 8050000 events
Processed 8060000 events
Processed 8070000 events
Processed 8080000 events
Processed 8090000 events
Processed 8100000 events
Processed 8110000 events
Processed 8120000 events
Processed 8130000 events
Processed 8140000 events
Processed 8150000 events
Processed 8160000 events
Processed 8170000 events
Processed 8180000 events
Processed 8190000 events
Processed 8200000 events
Processed 8210000 events
Processed 8220000 events
Processed 8230000 events
Processed 8240000 events
Processed 8250000 events
Processed 8260000 events
Processed 8270000 events
Processed 8280000 events
Processed 8290000 events
Processed 8300000 events
Processed 8310000 events
Processed 8320000 events
Processed 8330000 events
Processed 8340000 events
Processed 8350000 events
Processed 8360000 events
Processed 8370000 events
Processed 8380000 events
Processed 8390000 events
Processed 8400000 events
Processed 8410000 events
Processed 8420000 events
Processed 8430000 events
Processed 8440000 events
Processed 8450000 events
Processed 8460000 events
Processed 8470000 events
Processed 8480000 events
Processed 8490000 events
Processed 8500000 events
Processed 8510000 events
Processed 8520000 events
Processed 8530000 events
Processed 8540000 events
Processed 8550000 events
Processed 8560000 events
Processed 8570000 events
Processed 8580000 events
Processed 8590000 events
Processed 8600000 events
Processed 8610000 events
Processed 8620000 events
Processed 8630000 events
Processed 8640000 events
Processed 8650000 events
Processed 8660000 events
Processed 8670000 events
Processed 8680000 events
Processed 8690000 events
Processed 8700000 events
Processed 8710000 events
Processed 8720000 events
Processed 8730000 events
Processed 8740000 events
Processed 8750000 events
Processed 8760000 events
Processed 8770000 events
Processed 8780000 events
Processed 8790000 events
Processed 8800000 events
Processed 8810000 events
Processed 8820000 events
Processed 8830000 events
Processed 8840000 events
Processed 8850000 events
Processed 8860000 events
Processed 8870000 events
Processed 8880000 events
Processed 8890000 events
Processed 8900000 events
Processed 8910000 events
Processed 8920000 events
Processed 8930000 events
Processed 8940000 events
Processed 8950000 events
Processed 8960000 events
Processed 8970000 events
Processed 8980000 events
Processed 8990000 events
Processed 9000000 events
Processed 9010000 events
Processed 9020000 events
Processed 9030000 events
Processed 9040000 events
Processed 9050000 events
Processed 9060000 events
Processed 9070000 events
Processed 9080000 events
Processed 9090000 events
Processed 9100000 events
Processed 9110000 events
Processed 9120000 events
Processed 9130000 events
Processed 9140000 events
Processed 9150000 events
Processed 9160000 events
Processed 9170000 events
Processed 9180000 events
Processed 9190000 events
Processed 9200000 events
Processed 9210000 events
Processed 9220000 events
Processed 9230000 events
Processed 9240000 events
Processed 9250000 events
Processed 9260000 events
Processed 9270000 events
Processed 9280000 events
Processed 9290000 events
Processed 9300000 events
Processed 9310000 events
Processed 9320000 events
Processed 9330000 events
Processed 9340000 events
Processed 9350000 events
Processed 9360000 events
Processed 9370000 events
Processed 9380000 events
Processed 9390000 events
Processed 9400000 events
Processed 9410000 events
Processed 9420000 events
Processed 9430000 events
Processed 9440000 events
Processed 9450000 events
Processed 9460000 events
Processed 9470000 events
Processed 9480000 events
Processed 9490000 events
Processed 9500000 events
Processed 9510000 events
Processed 9520000 events
Processed 9530000 events
Processed 9540000 events
Processed 9550000 events
Processed 9560000 events
Processed 9570000 events
Processed 9580000 events
Processed 9590000 events
Processed 9600000 events
Processed 9610000 events
Processed 9620000 events
Processed 9630000 events
Processed 9640000 events
Processed 9650000 events
Processed 9660000 events
Processed 9670000 events
Processed 9680000 events
Processed 9690000 events
Processed 9700000 events
Processed 9710000 events
Processed 9720000 events
Processed 9730000 events
Processed 9740000 events
Processed 9750000 events
Processed 9760000 events
Processed 9770000 events
Processed 9780000 events
Processed 9790000 events
Processed 9800000 events
Processed 9810000 events
Processed 9820000 events
Processed 9830000 events
Processed 9840000 events
Processed 9850000 events
Processed 9860000 events
Processed 9870000 events
Processed 9880000 events
Processed 9890000 events
Processed 9900000 events
Processed 9910000 events
Processed 9920000 events
Processed 9930000 events
Processed 9940000 events
Processed 9950000 events
Processed 9960000 events
Processed 9970000 events
Processed 9980000 events
Processed 9990000 events
Processed 10000000 events
Processed 10010000 events
Processed 10020000 events
Processed 10030000 events
Processed 10040000 events
Processed 10050000 events
Processed 10060000 events
Processed 10070000 events
Processed 10080000 events
Processed 10090000 events
Processed 10100000 events
Processed 10110000 events
Processed 10120000 events
Processed 10130000 events
Processed 10140000 events
Processed 10150000 events
Processed 10160000 events
Processed 10170000 events
Processed 10180000 events
Processed 10190000 events
Processed 10200000 events
Processed 10210000 events
Processed 10220000 events
Processed 10230000 events
Processed 10240000 events
**************************************************
Cut 0: All events before derivations (DerivationStat_Weights) = -2.35344e-185
Cut 1: All events in derivation/ntuple = 1.02451e+07
Cut 2: GRL (for data only) = 1.02451e+07
Cut 3: Primary vertex = 1.02451e+07
Cut 4: Trigger       = 5.93642e+06
Cut 5: Global flags (data only) = 5.93642e+06
Cut 6: Bad muon      = 5.93589e+06
Cut 7: >= 1 jet passes jet OR = 5.91872e+06
Cut 8: Bad jet       = 5.89945e+06
Cut 9: >= 1 signal jet = 5.89945e+06
Cut 10: Cosmic muons veto = 5.82718e+06
Cut 11: >= 2 baseline leptons > 10 GeV = 2.7229e+06
Cut 12: >= 2 signal leptons > 20 GeV = 1.64839e+06
Cut 13: Same sign    = 13508     
***** El-El channel *****
Cut 14: Channel seperation, same-sign [20, 20]: (el-el) = 4209      
Cut 15: Trigger matching: (el-el) = 4122      
Cut 16: >= 1 bjet > 20 GeV: (el-el) = 3175      
Cut 17: 4 jets > 50 GeV: (el-el) = 154       
Cut 18: MET > 125 GeV: (el-el) = 46        
***** El-Mu channel *****
Cut 14: Channel seperation, same-sign [20, 20]: (el-mu) = 6519      
Cut 15: Trigger matching: (el-mu) = 6204      
Cut 16: >= 1 bjet > 20 GeV: (el-mu) = 4495      
Cut 17: 4 jets > 50 GeV: (el-mu) = 200       
Cut 18: MET > 125 GeV: (el-mu) = 53        
***** Mu-Mu channel *****
Cut 14: Channel seperation, same-sign [20, 20]: (mu-mu) = 2780      
Cut 15: Trigger matching: (mu-mu) = 2755      
Cut 16: >= 1 bjet > 20 GeV: (mu-mu) = 1613      
Cut 17: 4 jets > 50 GeV: (mu-mu) = 48        
Cut 18: MET > 125 GeV: (mu-mu) = 8         
**************************************************
**************************************************
 Sum of EventWeight for each cut
**************************************************
Cut 0: All events before derivations (DerivationStat_Weights) = 0         
Cut 1: All events in derivation/ntuple = 9.1766e+06
Cut 2: GRL (for data only) = 9.1766e+06
Cut 3: Primary vertex = 9.1766e+06
Cut 4: Trigger       = 5.37686e+06
Cut 5: Global flags (data only) = 5.37686e+06
Cut 6: Bad muon      = 5.37634e+06
Cut 7: >= 1 jet passes jet OR = 5.36018e+06
Cut 8: Bad jet       = 5.34532e+06
Cut 9: >= 1 signal jet = 5.6164e+06
Cut 10: Cosmic muons veto = 5.55065e+06
Cut 11: >= 2 baseline leptons > 10 GeV = 2.59564e+06
Cut 12: >= 2 signal leptons > 20 GeV = 1.57185e+06
Cut 13: Same sign    = 12833     
***** El-El channel *****
Cut 14: Channel seperation, same-sign [20, 20]: (el-el) = 3938.21   
Cut 15: Trigger matching: (el-el) = 3854.29   
Cut 16: >= 1 bjet > 20 GeV: (el-el) = 2972.87   
Cut 17: 4 jets > 50 GeV: (el-el) = 142.858   
Cut 18: MET > 125 GeV: (el-el) = 46.4375   
***** El-Mu channel *****
Cut 14: Channel seperation, same-sign [20, 20]: (el-mu) = 6254.04   
Cut 15: Trigger matching: (el-mu) = 5969.24   
Cut 16: >= 1 bjet > 20 GeV: (el-mu) = 4410.89   
Cut 17: 4 jets > 50 GeV: (el-mu) = 194.21    
Cut 18: MET > 125 GeV: (el-mu) = 52.164    
***** Mu-Mu channel *****
Cut 14: Channel seperation, same-sign [20, 20]: (mu-mu) = 2640.74   
Cut 15: Trigger matching: (mu-mu) = 2614.89   
Cut 16: >= 1 bjet > 20 GeV: (mu-mu) = 1575.37   
Cut 17: 4 jets > 50 GeV: (mu-mu) = 49.9443   
Cut 18: MET > 125 GeV: (mu-mu) = 5.81073   
**************************************************
worker finished:
Real time 0:11:29, CP time 685.640
