isMC = true, isData = false
Submit jobs to DirectDriver...
process = Zmumu
Read MC files...
SampleHandler with 1 files
Sample:name=MC,tags=()
file:///raid05/users/shen/Ximo_ntuples/v44/MC/Zmumu_merged.root


PathResolver              WARNING XMLPATH environment variable not defined!
PathResolver              WARNING XMLPATH environment variable not defined!
--- TGRLCollection      : Now merging GRLs where possible. Metadata required to be identical.[0m
myWeightTool              INFO    AsgTool myWeightTool @ 0x3b12ca0
asg::ToolStore::put       WARNING Tool with name "GoodRunsListSelectionTool" already registered
PathResolver              WARNING XMLPATH environment variable not defined!
PathResolver              WARNING XMLPATH environment variable not defined!
--- TGRLCollection      : Now merging GRLs where possible. Metadata required to be identical.[0m
asg::ToolStore::put       WARNING Tool with name "Pileup" already registered
asg::ToolStore::put       WARNING Tool with name "myWeightTool" already registered
myWeightTool              INFO    AsgTool myWeightTool @ 0x4cc2c30
asg::ToolStore::put       WARNING Tool with name "GoodRunsListSelectionTool" already registered
PathResolver              WARNING XMLPATH environment variable not defined!
PathResolver              WARNING XMLPATH environment variable not defined!
--- TGRLCollection      : Now merging GRLs where possible. Metadata required to be identical.[0m
asg::ToolStore::put       WARNING Tool with name "Pileup" already registered
asg::ToolStore::put       WARNING Tool with name "myWeightTool" already registered
myWeightTool              INFO    AsgTool myWeightTool @ 0x5a15570
Running sample: MC
Processing File: file:///raid05/users/shen/Ximo_ntuples/v44/MC/Zmumu_merged.root
derivation_stat_weights=3.41489e+10
Processed 10000 events
Processed 20000 events
Processed 30000 events
Processed 40000 events
Processed 50000 events
Processed 60000 events
Processed 70000 events
Processed 80000 events
Processed 90000 events
Processed 100000 events
Processed 110000 events
Processed 120000 events
Processed 130000 events
Processed 140000 events
Processed 150000 events
Processed 160000 events
Processed 170000 events
Processed 180000 events
Processed 190000 events
Processed 200000 events
Processed 210000 events
Processed 220000 events
Processed 230000 events
Processed 240000 events
Processed 250000 events
Processed 260000 events
Processed 270000 events
Processed 280000 events
Processed 290000 events
Processed 300000 events
Processed 310000 events
Processed 320000 events
Processed 330000 events
Processed 340000 events
Processed 350000 events
Processed 360000 events
Processed 370000 events
Processed 380000 events
Processed 390000 events
Processed 400000 events
Processed 410000 events
Processed 420000 events
Processed 430000 events
Processed 440000 events
Processed 450000 events
Processed 460000 events
Processed 470000 events
Processed 480000 events
Processed 490000 events
Processed 500000 events
Processed 510000 events
Processed 520000 events
Processed 530000 events
Processed 540000 events
Processed 550000 events
Processed 560000 events
Processed 570000 events
Processed 580000 events
Processed 590000 events
Processed 600000 events
Processed 610000 events
Processed 620000 events
Processed 630000 events
Processed 640000 events
Processed 650000 events
Processed 660000 events
Processed 670000 events
Processed 680000 events
Processed 690000 events
Processed 700000 events
Processed 710000 events
Processed 720000 events
Processed 730000 events
Processed 740000 events
Processed 750000 events
Processed 760000 events
Processed 770000 events
Processed 780000 events
Processed 790000 events
Processed 800000 events
Processed 810000 events
Processed 820000 events
Processed 830000 events
Processed 840000 events
Processed 850000 events
Processed 860000 events
Processed 870000 events
Processed 880000 events
Processed 890000 events
Processed 900000 events
Processed 910000 events
Processed 920000 events
Processed 930000 events
Processed 940000 events
Processed 950000 events
Processed 960000 events
Processed 970000 events
Processed 980000 events
Processed 990000 events
Processed 1000000 events
Processed 1010000 events
Processed 1020000 events
Processed 1030000 events
Processed 1040000 events
Processed 1050000 events
Processed 1060000 events
Processed 1070000 events
Processed 1080000 events
Processed 1090000 events
Processed 1100000 events
Processed 1110000 events
Processed 1120000 events
Processed 1130000 events
Processed 1140000 events
Processed 1150000 events
Processed 1160000 events
Processed 1170000 events
Processed 1180000 events
Processed 1190000 events
Processed 1200000 events
Processed 1210000 events
Processed 1220000 events
Processed 1230000 events
Processed 1240000 events
Processed 1250000 events
Processed 1260000 events
Processed 1270000 events
Processed 1280000 events
Processed 1290000 events
Processed 1300000 events
Processed 1310000 events
Processed 1320000 events
Processed 1330000 events
Processed 1340000 events
Processed 1350000 events
Processed 1360000 events
Processed 1370000 events
Processed 1380000 events
Processed 1390000 events
Processed 1400000 events
Processed 1410000 events
Processed 1420000 events
Processed 1430000 events
Processed 1440000 events
Processed 1450000 events
Processed 1460000 events
Processed 1470000 events
Processed 1480000 events
Processed 1490000 events
Processed 1500000 events
Processed 1510000 events
Processed 1520000 events
Processed 1530000 events
Processed 1540000 events
Processed 1550000 events
Processed 1560000 events
Processed 1570000 events
Processed 1580000 events
Processed 1590000 events
Processed 1600000 events
Processed 1610000 events
Processed 1620000 events
Processed 1630000 events
Processed 1640000 events
Processed 1650000 events
Processed 1660000 events
Processed 1670000 events
Processed 1680000 events
Processed 1690000 events
Processed 1700000 events
Processed 1710000 events
Processed 1720000 events
Processed 1730000 events
Processed 1740000 events
Processed 1750000 events
Processed 1760000 events
Processed 1770000 events
Processed 1780000 events
Processed 1790000 events
Processed 1800000 events
Processed 1810000 events
Processed 1820000 events
Processed 1830000 events
Processed 1840000 events
Processed 1850000 events
Processed 1860000 events
Processed 1870000 events
Processed 1880000 events
Processed 1890000 events
Processed 1900000 events
Processed 1910000 events
Processed 1920000 events
Processed 1930000 events
Processed 1940000 events
Processed 1950000 events
Processed 1960000 events
Processed 1970000 events
Processed 1980000 events
Processed 1990000 events
Processed 2000000 events
Processed 2010000 events
Processed 2020000 events
Processed 2030000 events
Processed 2040000 events
Processed 2050000 events
Processed 2060000 events
Processed 2070000 events
Processed 2080000 events
Processed 2090000 events
Processed 2100000 events
Processed 2110000 events
Processed 2120000 events
Processed 2130000 events
Processed 2140000 events
Processed 2150000 events
Processed 2160000 events
Processed 2170000 events
Processed 2180000 events
Processed 2190000 events
Processed 2200000 events
Processed 2210000 events
Processed 2220000 events
Processed 2230000 events
Processed 2240000 events
Processed 2250000 events
Processed 2260000 events
Processed 2270000 events
Processed 2280000 events
Processed 2290000 events
Processed 2300000 events
Processed 2310000 events
Processed 2320000 events
Processed 2330000 events
Processed 2340000 events
Processed 2350000 events
Processed 2360000 events
Processed 2370000 events
Processed 2380000 events
Processed 2390000 events
Processed 2400000 events
Processed 2410000 events
Processed 2420000 events
Processed 2430000 events
Processed 2440000 events
Processed 2450000 events
Processed 2460000 events
Processed 2470000 events
Processed 2480000 events
Processed 2490000 events
Processed 2500000 events
Processed 2510000 events
Processed 2520000 events
Processed 2530000 events
Processed 2540000 events
Processed 2550000 events
Processed 2560000 events
Processed 2570000 events
Processed 2580000 events
Processed 2590000 events
Processed 2600000 events
Processed 2610000 events
Processed 2620000 events
Processed 2630000 events
Processed 2640000 events
Processed 2650000 events
Processed 2660000 events
Processed 2670000 events
Processed 2680000 events
Processed 2690000 events
Processed 2700000 events
Processed 2710000 events
Processed 2720000 events
Processed 2730000 events
Processed 2740000 events
Processed 2750000 events
Processed 2760000 events
Processed 2770000 events
Processed 2780000 events
Processed 2790000 events
Processed 2800000 events
Processed 2810000 events
Processed 2820000 events
Processed 2830000 events
Processed 2840000 events
Processed 2850000 events
Processed 2860000 events
Processed 2870000 events
Processed 2880000 events
Processed 2890000 events
Processed 2900000 events
Processed 2910000 events
Processed 2920000 events
Processed 2930000 events
Processed 2940000 events
Processed 2950000 events
Processed 2960000 events
Processed 2970000 events
Processed 2980000 events
Processed 2990000 events
Processed 3000000 events
Processed 3010000 events
Processed 3020000 events
Processed 3030000 events
Processed 3040000 events
Processed 3050000 events
Processed 3060000 events
Processed 3070000 events
Processed 3080000 events
Processed 3090000 events
Processed 3100000 events
Processed 3110000 events
Processed 3120000 events
Processed 3130000 events
Processed 3140000 events
Processed 3150000 events
Processed 3160000 events
Processed 3170000 events
Processed 3180000 events
Processed 3190000 events
Processed 3200000 events
Processed 3210000 events
Processed 3220000 events
Processed 3230000 events
Processed 3240000 events
Processed 3250000 events
Processed 3260000 events
Processed 3270000 events
Processed 3280000 events
Processed 3290000 events
Processed 3300000 events
Processed 3310000 events
Processed 3320000 events
Processed 3330000 events
Processed 3340000 events
Processed 3350000 events
Processed 3360000 events
Processed 3370000 events
Processed 3380000 events
Processed 3390000 events
Processed 3400000 events
Processed 3410000 events
Processed 3420000 events
Processed 3430000 events
Processed 3440000 events
Processed 3450000 events
Processed 3460000 events
Processed 3470000 events
Processed 3480000 events
Processed 3490000 events
Processed 3500000 events
Processed 3510000 events
Processed 3520000 events
Processed 3530000 events
Processed 3540000 events
Processed 3550000 events
Processed 3560000 events
Processed 3570000 events
Processed 3580000 events
Processed 3590000 events
Processed 3600000 events
Processed 3610000 events
Processed 3620000 events
Processed 3630000 events
Processed 3640000 events
Processed 3650000 events
Processed 3660000 events
Processed 3670000 events
Processed 3680000 events
Processed 3690000 events
Processed 3700000 events
Processed 3710000 events
Processed 3720000 events
Processed 3730000 events
Processed 3740000 events
Processed 3750000 events
Processed 3760000 events
Processed 3770000 events
Processed 3780000 events
Processed 3790000 events
Processed 3800000 events
Processed 3810000 events
Processed 3820000 events
Processed 3830000 events
Processed 3840000 events
Processed 3850000 events
Processed 3860000 events
Processed 3870000 events
Processed 3880000 events
Processed 3890000 events
Processed 3900000 events
Processed 3910000 events
Processed 3920000 events
Processed 3930000 events
Processed 3940000 events
Processed 3950000 events
Processed 3960000 events
Processed 3970000 events
Processed 3980000 events
Processed 3990000 events
Processed 4000000 events
Processed 4010000 events
Processed 4020000 events
Processed 4030000 events
Processed 4040000 events
Processed 4050000 events
Processed 4060000 events
Processed 4070000 events
Processed 4080000 events
Processed 4090000 events
Processed 4100000 events
Processed 4110000 events
Processed 4120000 events
Processed 4130000 events
Processed 4140000 events
Processed 4150000 events
Processed 4160000 events
Processed 4170000 events
Processed 4180000 events
Processed 4190000 events
Processed 4200000 events
Processed 4210000 events
Processed 4220000 events
Processed 4230000 events
Processed 4240000 events
Processed 4250000 events
Processed 4260000 events
Processed 4270000 events
Processed 4280000 events
Processed 4290000 events
Processed 4300000 events
Processed 4310000 events
Processed 4320000 events
Processed 4330000 events
Processed 4340000 events
Processed 4350000 events
Processed 4360000 events
Processed 4370000 events
Processed 4380000 events
Processed 4390000 events
Processed 4400000 events
Processed 4410000 events
Processed 4420000 events
Processed 4430000 events
Processed 4440000 events
Processed 4450000 events
Processed 4460000 events
Processed 4470000 events
Processed 4480000 events
Processed 4490000 events
Processed 4500000 events
Processed 4510000 events
Processed 4520000 events
Processed 4530000 events
Processed 4540000 events
Processed 4550000 events
Processed 4560000 events
Processed 4570000 events
Processed 4580000 events
Processed 4590000 events
Processed 4600000 events
Processed 4610000 events
Processed 4620000 events
Processed 4630000 events
Processed 4640000 events
Processed 4650000 events
Processed 4660000 events
Processed 4670000 events
Processed 4680000 events
Processed 4690000 events
Processed 4700000 events
Processed 4710000 events
Processed 4720000 events
Processed 4730000 events
Processed 4740000 events
Processed 4750000 events
Processed 4760000 events
Processed 4770000 events
Processed 4780000 events
Processed 4790000 events
Processed 4800000 events
Processed 4810000 events
Processed 4820000 events
Processed 4830000 events
Processed 4840000 events
Processed 4850000 events
Processed 4860000 events
Processed 4870000 events
Processed 4880000 events
Processed 4890000 events
Processed 4900000 events
Processed 4910000 events
Processed 4920000 events
Processed 4930000 events
Processed 4940000 events
Processed 4950000 events
Processed 4960000 events
Processed 4970000 events
Processed 4980000 events
Processed 4990000 events
Processed 5000000 events
Processed 5010000 events
Processed 5020000 events
Processed 5030000 events
Processed 5040000 events
Processed 5050000 events
Processed 5060000 events
Processed 5070000 events
Processed 5080000 events
Processed 5090000 events
Processed 5100000 events
Processed 5110000 events
Processed 5120000 events
Processed 5130000 events
Processed 5140000 events
Processed 5150000 events
Processed 5160000 events
Processed 5170000 events
Processed 5180000 events
Processed 5190000 events
Processed 5200000 events
Processed 5210000 events
Processed 5220000 events
Processed 5230000 events
Processed 5240000 events
Processed 5250000 events
Processed 5260000 events
Processed 5270000 events
Processed 5280000 events
Processed 5290000 events
Processed 5300000 events
Processed 5310000 events
Processed 5320000 events
Processed 5330000 events
Processed 5340000 events
Processed 5350000 events
Processed 5360000 events
Processed 5370000 events
Processed 5380000 events
Processed 5390000 events
Processed 5400000 events
Processed 5410000 events
Processed 5420000 events
Processed 5430000 events
Processed 5440000 events
Processed 5450000 events
Processed 5460000 events
Processed 5470000 events
Processed 5480000 events
Processed 5490000 events
Processed 5500000 events
Processed 5510000 events
Processed 5520000 events
Processed 5530000 events
Processed 5540000 events
Processed 5550000 events
Processed 5560000 events
Processed 5570000 events
Processed 5580000 events
Processed 5590000 events
Processed 5600000 events
Processed 5610000 events
Processed 5620000 events
Processed 5630000 events
Processed 5640000 events
Processed 5650000 events
Processed 5660000 events
Processed 5670000 events
Processed 5680000 events
Processed 5690000 events
Processed 5700000 events
Processed 5710000 events
Processed 5720000 events
Processed 5730000 events
Processed 5740000 events
Processed 5750000 events
Processed 5760000 events
Processed 5770000 events
Processed 5780000 events
Processed 5790000 events
Processed 5800000 events
Processed 5810000 events
Processed 5820000 events
Processed 5830000 events
Processed 5840000 events
Processed 5850000 events
Processed 5860000 events
Processed 5870000 events
Processed 5880000 events
Processed 5890000 events
Processed 5900000 events
Processed 5910000 events
Processed 5920000 events
Processed 5930000 events
Processed 5940000 events
Processed 5950000 events
Processed 5960000 events
Processed 5970000 events
Processed 5980000 events
Processed 5990000 events
Processed 6000000 events
Processed 6010000 events
Processed 6020000 events
Processed 6030000 events
Processed 6040000 events
Processed 6050000 events
Processed 6060000 events
Processed 6070000 events
Processed 6080000 events
Processed 6090000 events
Processed 6100000 events
Processed 6110000 events
Processed 6120000 events
Processed 6130000 events
Processed 6140000 events
Processed 6150000 events
Processed 6160000 events
Processed 6170000 events
Processed 6180000 events
Processed 6190000 events
Processed 6200000 events
Processed 6210000 events
Processed 6220000 events
Processed 6230000 events
Processed 6240000 events
Processed 6250000 events
Processed 6260000 events
Processed 6270000 events
Processed 6280000 events
Processed 6290000 events
Processed 6300000 events
Processed 6310000 events
Processed 6320000 events
Processed 6330000 events
Processed 6340000 events
Processed 6350000 events
Processed 6360000 events
Processed 6370000 events
Processed 6380000 events
Processed 6390000 events
Processed 6400000 events
Processed 6410000 events
Processed 6420000 events
Processed 6430000 events
Processed 6440000 events
Processed 6450000 events
Processed 6460000 events
Processed 6470000 events
Processed 6480000 events
Processed 6490000 events
Processed 6500000 events
Processed 6510000 events
Processed 6520000 events
Processed 6530000 events
Processed 6540000 events
Processed 6550000 events
Processed 6560000 events
Processed 6570000 events
Processed 6580000 events
Processed 6590000 events
Processed 6600000 events
Processed 6610000 events
Processed 6620000 events
Processed 6630000 events
Processed 6640000 events
Processed 6650000 events
Processed 6660000 events
Processed 6670000 events
Processed 6680000 events
Processed 6690000 events
Processed 6700000 events
Processed 6710000 events
Processed 6720000 events
Processed 6730000 events
Processed 6740000 events
Processed 6750000 events
Processed 6760000 events
Processed 6770000 events
Processed 6780000 events
Processed 6790000 events
Processed 6800000 events
Processed 6810000 events
Processed 6820000 events
Processed 6830000 events
Processed 6840000 events
Processed 6850000 events
Processed 6860000 events
Processed 6870000 events
Processed 6880000 events
Processed 6890000 events
Processed 6900000 events
Processed 6910000 events
Processed 6920000 events
Processed 6930000 events
Processed 6940000 events
Processed 6950000 events
Processed 6960000 events
Processed 6970000 events
Processed 6980000 events
Processed 6990000 events
Processed 7000000 events
Processed 7010000 events
Processed 7020000 events
Processed 7030000 events
Processed 7040000 events
Processed 7050000 events
Processed 7060000 events
Processed 7070000 events
Processed 7080000 events
Processed 7090000 events
Processed 7100000 events
Processed 7110000 events
Processed 7120000 events
Processed 7130000 events
Processed 7140000 events
Processed 7150000 events
Processed 7160000 events
Processed 7170000 events
Processed 7180000 events
Processed 7190000 events
Processed 7200000 events
Processed 7210000 events
Processed 7220000 events
Processed 7230000 events
Processed 7240000 events
Processed 7250000 events
Processed 7260000 events
Processed 7270000 events
Processed 7280000 events
Processed 7290000 events
Processed 7300000 events
Processed 7310000 events
Processed 7320000 events
Processed 7330000 events
Processed 7340000 events
Processed 7350000 events
Processed 7360000 events
Processed 7370000 events
Processed 7380000 events
Processed 7390000 events
Processed 7400000 events
Processed 7410000 events
Processed 7420000 events
Processed 7430000 events
Processed 7440000 events
Processed 7450000 events
Processed 7460000 events
Processed 7470000 events
Processed 7480000 events
Processed 7490000 events
Processed 7500000 events
Processed 7510000 events
Processed 7520000 events
Processed 7530000 events
Processed 7540000 events
Processed 7550000 events
Processed 7560000 events
Processed 7570000 events
Processed 7580000 events
Processed 7590000 events
Processed 7600000 events
Processed 7610000 events
Processed 7620000 events
Processed 7630000 events
Processed 7640000 events
Processed 7650000 events
Processed 7660000 events
Processed 7670000 events
Processed 7680000 events
Processed 7690000 events
Processed 7700000 events
Processed 7710000 events
Processed 7720000 events
Processed 7730000 events
Processed 7740000 events
Processed 7750000 events
Processed 7760000 events
Processed 7770000 events
Processed 7780000 events
Processed 7790000 events
Processed 7800000 events
Processed 7810000 events
Processed 7820000 events
Processed 7830000 events
Processed 7840000 events
Processed 7850000 events
Processed 7860000 events
Processed 7870000 events
Processed 7880000 events
Processed 7890000 events
Processed 7900000 events
Processed 7910000 events
Processed 7920000 events
Processed 7930000 events
Processed 7940000 events
Processed 7950000 events
Processed 7960000 events
Processed 7970000 events
Processed 7980000 events
Processed 7990000 events
Processed 8000000 events
Processed 8010000 events
Processed 8020000 events
Processed 8030000 events
Processed 8040000 events
Processed 8050000 events
Processed 8060000 events
Processed 8070000 events
Processed 8080000 events
Processed 8090000 events
Processed 8100000 events
Processed 8110000 events
Processed 8120000 events
Processed 8130000 events
Processed 8140000 events
Processed 8150000 events
Processed 8160000 events
Processed 8170000 events
Processed 8180000 events
Processed 8190000 events
Processed 8200000 events
Processed 8210000 events
Processed 8220000 events
Processed 8230000 events
Processed 8240000 events
Processed 8250000 events
Processed 8260000 events
Processed 8270000 events
Processed 8280000 events
Processed 8290000 events
Processed 8300000 events
Processed 8310000 events
Processed 8320000 events
Processed 8330000 events
Processed 8340000 events
Processed 8350000 events
Processed 8360000 events
Processed 8370000 events
Processed 8380000 events
Processed 8390000 events
Processed 8400000 events
Processed 8410000 events
Processed 8420000 events
Processed 8430000 events
Processed 8440000 events
Processed 8450000 events
Processed 8460000 events
Processed 8470000 events
Processed 8480000 events
Processed 8490000 events
Processed 8500000 events
Processed 8510000 events
Processed 8520000 events
Processed 8530000 events
Processed 8540000 events
Processed 8550000 events
Processed 8560000 events
Processed 8570000 events
Processed 8580000 events
Processed 8590000 events
Processed 8600000 events
Processed 8610000 events
Processed 8620000 events
Processed 8630000 events
Processed 8640000 events
Processed 8650000 events
Processed 8660000 events
Processed 8670000 events
Processed 8680000 events
Processed 8690000 events
Processed 8700000 events
Processed 8710000 events
Processed 8720000 events
Processed 8730000 events
Processed 8740000 events
Processed 8750000 events
Processed 8760000 events
Processed 8770000 events
Processed 8780000 events
Processed 8790000 events
Processed 8800000 events
Processed 8810000 events
Processed 8820000 events
Processed 8830000 events
Processed 8840000 events
Processed 8850000 events
Processed 8860000 events
Processed 8870000 events
Processed 8880000 events
Processed 8890000 events
Processed 8900000 events
Processed 8910000 events
Processed 8920000 events
Processed 8930000 events
Processed 8940000 events
Processed 8950000 events
Processed 8960000 events
Processed 8970000 events
Processed 8980000 events
Processed 8990000 events
Processed 9000000 events
Processed 9010000 events
Processed 9020000 events
Processed 9030000 events
Processed 9040000 events
Processed 9050000 events
Processed 9060000 events
Processed 9070000 events
Processed 9080000 events
Processed 9090000 events
Processed 9100000 events
Processed 9110000 events
Processed 9120000 events
Processed 9130000 events
Processed 9140000 events
Processed 9150000 events
Processed 9160000 events
Processed 9170000 events
Processed 9180000 events
Processed 9190000 events
Processed 9200000 events
Processed 9210000 events
Processed 9220000 events
Processed 9230000 events
Processed 9240000 events
Processed 9250000 events
Processed 9260000 events
Processed 9270000 events
Processed 9280000 events
Processed 9290000 events
Processed 9300000 events
Processed 9310000 events
Processed 9320000 events
Processed 9330000 events
Processed 9340000 events
Processed 9350000 events
Processed 9360000 events
Processed 9370000 events
Processed 9380000 events
Processed 9390000 events
Processed 9400000 events
Processed 9410000 events
Processed 9420000 events
Processed 9430000 events
Processed 9440000 events
Processed 9450000 events
Processed 9460000 events
Processed 9470000 events
Processed 9480000 events
Processed 9490000 events
Processed 9500000 events
Processed 9510000 events
Processed 9520000 events
Processed 9530000 events
Processed 9540000 events
Processed 9550000 events
Processed 9560000 events
Processed 9570000 events
Processed 9580000 events
Processed 9590000 events
Processed 9600000 events
Processed 9610000 events
Processed 9620000 events
Processed 9630000 events
Processed 9640000 events
Processed 9650000 events
Processed 9660000 events
Processed 9670000 events
Processed 9680000 events
Processed 9690000 events
Processed 9700000 events
Processed 9710000 events
Processed 9720000 events
Processed 9730000 events
Processed 9740000 events
Processed 9750000 events
Processed 9760000 events
Processed 9770000 events
Processed 9780000 events
Processed 9790000 events
Processed 9800000 events
Processed 9810000 events
Processed 9820000 events
Processed 9830000 events
Processed 9840000 events
Processed 9850000 events
Processed 9860000 events
Processed 9870000 events
Processed 9880000 events
Processed 9890000 events
Processed 9900000 events
Processed 9910000 events
Processed 9920000 events
Processed 9930000 events
Processed 9940000 events
Processed 9950000 events
Processed 9960000 events
Processed 9970000 events
Processed 9980000 events
Processed 9990000 events
Processed 10000000 events
Processed 10010000 events
Processed 10020000 events
Processed 10030000 events
Processed 10040000 events
Processed 10050000 events
Processed 10060000 events
Processed 10070000 events
Processed 10080000 events
Processed 10090000 events
Processed 10100000 events
Processed 10110000 events
Processed 10120000 events
Processed 10130000 events
Processed 10140000 events
Processed 10150000 events
Processed 10160000 events
Processed 10170000 events
Processed 10180000 events
Processed 10190000 events
Processed 10200000 events
Processed 10210000 events
Processed 10220000 events
Processed 10230000 events
Processed 10240000 events
Processed 10250000 events
Processed 10260000 events
Processed 10270000 events
Processed 10280000 events
Processed 10290000 events
Processed 10300000 events
Processed 10310000 events
Processed 10320000 events
Processed 10330000 events
Processed 10340000 events
Processed 10350000 events
Processed 10360000 events
Processed 10370000 events
Processed 10380000 events
Processed 10390000 events
Processed 10400000 events
Processed 10410000 events
Processed 10420000 events
Processed 10430000 events
Processed 10440000 events
Processed 10450000 events
Processed 10460000 events
Processed 10470000 events
Processed 10480000 events
Processed 10490000 events
Processed 10500000 events
Processed 10510000 events
Processed 10520000 events
Processed 10530000 events
Processed 10540000 events
Processed 10550000 events
Processed 10560000 events
Processed 10570000 events
Processed 10580000 events
Processed 10590000 events
Processed 10600000 events
Processed 10610000 events
Processed 10620000 events
Processed 10630000 events
Processed 10640000 events
Processed 10650000 events
Processed 10660000 events
Processed 10670000 events
Processed 10680000 events
Processed 10690000 events
Processed 10700000 events
Processed 10710000 events
Processed 10720000 events
Processed 10730000 events
Processed 10740000 events
Processed 10750000 events
Processed 10760000 events
Processed 10770000 events
Processed 10780000 events
Processed 10790000 events
Processed 10800000 events
Processed 10810000 events
Processed 10820000 events
Processed 10830000 events
Processed 10840000 events
Processed 10850000 events
Processed 10860000 events
Processed 10870000 events
Processed 10880000 events
Processed 10890000 events
Processed 10900000 events
Processed 10910000 events
Processed 10920000 events
Processed 10930000 events
Processed 10940000 events
Processed 10950000 events
Processed 10960000 events
Processed 10970000 events
Processed 10980000 events
Processed 10990000 events
Processed 11000000 events
Processed 11010000 events
Processed 11020000 events
Processed 11030000 events
Processed 11040000 events
Processed 11050000 events
Processed 11060000 events
Processed 11070000 events
Processed 11080000 events
Processed 11090000 events
Processed 11100000 events
Processed 11110000 events
Processed 11120000 events
Processed 11130000 events
Processed 11140000 events
Processed 11150000 events
Processed 11160000 events
Processed 11170000 events
Processed 11180000 events
Processed 11190000 events
Processed 11200000 events
Processed 11210000 events
Processed 11220000 events
Processed 11230000 events
Processed 11240000 events
Processed 11250000 events
Processed 11260000 events
Processed 11270000 events
Processed 11280000 events
Processed 11290000 events
Processed 11300000 events
Processed 11310000 events
Processed 11320000 events
Processed 11330000 events
Processed 11340000 events
Processed 11350000 events
Processed 11360000 events
Processed 11370000 events
Processed 11380000 events
Processed 11390000 events
Processed 11400000 events
Processed 11410000 events
Processed 11420000 events
Processed 11430000 events
Processed 11440000 events
Processed 11450000 events
Processed 11460000 events
Processed 11470000 events
Processed 11480000 events
Processed 11490000 events
Processed 11500000 events
Processed 11510000 events
Processed 11520000 events
Processed 11530000 events
Processed 11540000 events
Processed 11550000 events
Processed 11560000 events
Processed 11570000 events
Processed 11580000 events
Processed 11590000 events
Processed 11600000 events
Processed 11610000 events
Processed 11620000 events
Processed 11630000 events
Processed 11640000 events
Processed 11650000 events
Processed 11660000 events
Processed 11670000 events
Processed 11680000 events
Processed 11690000 events
Processed 11700000 events
Processed 11710000 events
Processed 11720000 events
Processed 11730000 events
Processed 11740000 events
Processed 11750000 events
Processed 11760000 events
Processed 11770000 events
Processed 11780000 events
Processed 11790000 events
Processed 11800000 events
Processed 11810000 events
Processed 11820000 events
Processed 11830000 events
Processed 11840000 events
Processed 11850000 events
Processed 11860000 events
Processed 11870000 events
Processed 11880000 events
Processed 11890000 events
Processed 11900000 events
Processed 11910000 events
Processed 11920000 events
Processed 11930000 events
Processed 11940000 events
Processed 11950000 events
Processed 11960000 events
Processed 11970000 events
Processed 11980000 events
Processed 11990000 events
Processed 12000000 events
Processed 12010000 events
Processed 12020000 events
Processed 12030000 events
Processed 12040000 events
Processed 12050000 events
Processed 12060000 events
Processed 12070000 events
Processed 12080000 events
Processed 12090000 events
Processed 12100000 events
Processed 12110000 events
Processed 12120000 events
Processed 12130000 events
Processed 12140000 events
Processed 12150000 events
Processed 12160000 events
Processed 12170000 events
Processed 12180000 events
Processed 12190000 events
Processed 12200000 events
Processed 12210000 events
Processed 12220000 events
Processed 12230000 events
Processed 12240000 events
Processed 12250000 events
Processed 12260000 events
Processed 12270000 events
Processed 12280000 events
Processed 12290000 events
Processed 12300000 events
Processed 12310000 events
Processed 12320000 events
Processed 12330000 events
Processed 12340000 events
Processed 12350000 events
Processed 12360000 events
Processed 12370000 events
Processed 12380000 events
Processed 12390000 events
Processed 12400000 events
Processed 12410000 events
Processed 12420000 events
Processed 12430000 events
Processed 12440000 events
Processed 12450000 events
Processed 12460000 events
Processed 12470000 events
Processed 12480000 events
Processed 12490000 events
Processed 12500000 events
Processed 12510000 events
Processed 12520000 events
Processed 12530000 events
Processed 12540000 events
Processed 12550000 events
Processed 12560000 events
Processed 12570000 events
Processed 12580000 events
Processed 12590000 events
Processed 12600000 events
Processed 12610000 events
Processed 12620000 events
Processed 12630000 events
Processed 12640000 events
Processed 12650000 events
Processed 12660000 events
Processed 12670000 events
Processed 12680000 events
Processed 12690000 events
Processed 12700000 events
Processed 12710000 events
Processed 12720000 events
Processed 12730000 events
Processed 12740000 events
Processed 12750000 events
Processed 12760000 events
Processed 12770000 events
Processed 12780000 events
Processed 12790000 events
Processed 12800000 events
Processed 12810000 events
Processed 12820000 events
Processed 12830000 events
Processed 12840000 events
Processed 12850000 events
Processed 12860000 events
Processed 12870000 events
Processed 12880000 events
Processed 12890000 events
Processed 12900000 events
Processed 12910000 events
Processed 12920000 events
Processed 12930000 events
Processed 12940000 events
Processed 12950000 events
Processed 12960000 events
Processed 12970000 events
Processed 12980000 events
Processed 12990000 events
Processed 13000000 events
Processed 13010000 events
Processed 13020000 events
Processed 13030000 events
Processed 13040000 events
Processed 13050000 events
Processed 13060000 events
Processed 13070000 events
Processed 13080000 events
Processed 13090000 events
Processed 13100000 events
Processed 13110000 events
Processed 13120000 events
Processed 13130000 events
Processed 13140000 events
Processed 13150000 events
Processed 13160000 events
Processed 13170000 events
Processed 13180000 events
Processed 13190000 events
Processed 13200000 events
Processed 13210000 events
Processed 13220000 events
Processed 13230000 events
Processed 13240000 events
Processed 13250000 events
Processed 13260000 events
Processed 13270000 events
Processed 13280000 events
Processed 13290000 events
Processed 13300000 events
Processed 13310000 events
Processed 13320000 events
Processed 13330000 events
Processed 13340000 events
Processed 13350000 events
Processed 13360000 events
Processed 13370000 events
Processed 13380000 events
Processed 13390000 events
Processed 13400000 events
Processed 13410000 events
Processed 13420000 events
Processed 13430000 events
Processed 13440000 events
Processed 13450000 events
Processed 13460000 events
Processed 13470000 events
Processed 13480000 events
Processed 13490000 events
Processed 13500000 events
Processed 13510000 events
Processed 13520000 events
Processed 13530000 events
Processed 13540000 events
Processed 13550000 events
Processed 13560000 events
Processed 13570000 events
Processed 13580000 events
Processed 13590000 events
Processed 13600000 events
Processed 13610000 events
Processed 13620000 events
Processed 13630000 events
Processed 13640000 events
Processed 13650000 events
Processed 13660000 events
Processed 13670000 events
Processed 13680000 events
Processed 13690000 events
Processed 13700000 events
Processed 13710000 events
Processed 13720000 events
Processed 13730000 events
Processed 13740000 events
Processed 13750000 events
Processed 13760000 events
Processed 13770000 events
Processed 13780000 events
Processed 13790000 events
Processed 13800000 events
Processed 13810000 events
Processed 13820000 events
Processed 13830000 events
Processed 13840000 events
Processed 13850000 events
Processed 13860000 events
Processed 13870000 events
Processed 13880000 events
Processed 13890000 events
Processed 13900000 events
Processed 13910000 events
Processed 13920000 events
Processed 13930000 events
Processed 13940000 events
Processed 13950000 events
Processed 13960000 events
Processed 13970000 events
Processed 13980000 events
Processed 13990000 events
Processed 14000000 events
Processed 14010000 events
Processed 14020000 events
Processed 14030000 events
Processed 14040000 events
Processed 14050000 events
Processed 14060000 events
Processed 14070000 events
Processed 14080000 events
Processed 14090000 events
Processed 14100000 events
Processed 14110000 events
Processed 14120000 events
Processed 14130000 events
Processed 14140000 events
Processed 14150000 events
Processed 14160000 events
Processed 14170000 events
Processed 14180000 events
Processed 14190000 events
Processed 14200000 events
Processed 14210000 events
Processed 14220000 events
Processed 14230000 events
Processed 14240000 events
Processed 14250000 events
Processed 14260000 events
Processed 14270000 events
Processed 14280000 events
Processed 14290000 events
Processed 14300000 events
Processed 14310000 events
Processed 14320000 events
Processed 14330000 events
Processed 14340000 events
Processed 14350000 events
Processed 14360000 events
Processed 14370000 events
Processed 14380000 events
Processed 14390000 events
Processed 14400000 events
Processed 14410000 events
Processed 14420000 events
Processed 14430000 events
Processed 14440000 events
Processed 14450000 events
Processed 14460000 events
Processed 14470000 events
Processed 14480000 events
Processed 14490000 events
Processed 14500000 events
Processed 14510000 events
Processed 14520000 events
Processed 14530000 events
Processed 14540000 events
Processed 14550000 events
Processed 14560000 events
Processed 14570000 events
Processed 14580000 events
Processed 14590000 events
Processed 14600000 events
Processed 14610000 events
Processed 14620000 events
Processed 14630000 events
Processed 14640000 events
Processed 14650000 events
Processed 14660000 events
Processed 14670000 events
Processed 14680000 events
Processed 14690000 events
Processed 14700000 events
Processed 14710000 events
Processed 14720000 events
Processed 14730000 events
Processed 14740000 events
Processed 14750000 events
Processed 14760000 events
Processed 14770000 events
Processed 14780000 events
Processed 14790000 events
Processed 14800000 events
Processed 14810000 events
Processed 14820000 events
Processed 14830000 events
Processed 14840000 events
Processed 14850000 events
Processed 14860000 events
Processed 14870000 events
Processed 14880000 events
Processed 14890000 events
Processed 14900000 events
Processed 14910000 events
Processed 14920000 events
Processed 14930000 events
Processed 14940000 events
Processed 14950000 events
Processed 14960000 events
Processed 14970000 events
Processed 14980000 events
Processed 14990000 events
Processed 15000000 events
Processed 15010000 events
Processed 15020000 events
Processed 15030000 events
Processed 15040000 events
Processed 15050000 events
Processed 15060000 events
Processed 15070000 events
Processed 15080000 events
Processed 15090000 events
Processed 15100000 events
Processed 15110000 events
Processed 15120000 events
Processed 15130000 events
Processed 15140000 events
Processed 15150000 events
Processed 15160000 events
Processed 15170000 events
Processed 15180000 events
Processed 15190000 events
Processed 15200000 events
Processed 15210000 events
Processed 15220000 events
Processed 15230000 events
Processed 15240000 events
Processed 15250000 events
Processed 15260000 events
Processed 15270000 events
Processed 15280000 events
Processed 15290000 events
Processed 15300000 events
Processed 15310000 events
Processed 15320000 events
Processed 15330000 events
Processed 15340000 events
Processed 15350000 events
Processed 15360000 events
Processed 15370000 events
Processed 15380000 events
Processed 15390000 events
Processed 15400000 events
Processed 15410000 events
Processed 15420000 events
Processed 15430000 events
Processed 15440000 events
Processed 15450000 events
Processed 15460000 events
Processed 15470000 events
Processed 15480000 events
Processed 15490000 events
Processed 15500000 events
Processed 15510000 events
Processed 15520000 events
Processed 15530000 events
Processed 15540000 events
Processed 15550000 events
Processed 15560000 events
Processed 15570000 events
Processed 15580000 events
Processed 15590000 events
Processed 15600000 events
Processed 15610000 events
Processed 15620000 events
Processed 15630000 events
Processed 15640000 events
Processed 15650000 events
Processed 15660000 events
Processed 15670000 events
Processed 15680000 events
Processed 15690000 events
Processed 15700000 events
Processed 15710000 events
Processed 15720000 events
Processed 15730000 events
Processed 15740000 events
Processed 15750000 events
Processed 15760000 events
Processed 15770000 events
Processed 15780000 events
Processed 15790000 events
Processed 15800000 events
Processed 15810000 events
Processed 15820000 events
Processed 15830000 events
Processed 15840000 events
Processed 15850000 events
Processed 15860000 events
Processed 15870000 events
Processed 15880000 events
Processed 15890000 events
Processed 15900000 events
Processed 15910000 events
Processed 15920000 events
Processed 15930000 events
Processed 15940000 events
Processed 15950000 events
Processed 15960000 events
Processed 15970000 events
Processed 15980000 events
Processed 15990000 events
Processed 16000000 events
Processed 16010000 events
Processed 16020000 events
Processed 16030000 events
Processed 16040000 events
Processed 16050000 events
Processed 16060000 events
Processed 16070000 events
Processed 16080000 events
Processed 16090000 events
Processed 16100000 events
Processed 16110000 events
Processed 16120000 events
Processed 16130000 events
Processed 16140000 events
Processed 16150000 events
Processed 16160000 events
Processed 16170000 events
Processed 16180000 events
Processed 16190000 events
Processed 16200000 events
Processed 16210000 events
Processed 16220000 events
Processed 16230000 events
Processed 16240000 events
Processed 16250000 events
Processed 16260000 events
Processed 16270000 events
Processed 16280000 events
Processed 16290000 events
Processed 16300000 events
Processed 16310000 events
Processed 16320000 events
Processed 16330000 events
Processed 16340000 events
Processed 16350000 events
Processed 16360000 events
Processed 16370000 events
Processed 16380000 events
Processed 16390000 events
Processed 16400000 events
Processed 16410000 events
Processed 16420000 events
Processed 16430000 events
Processed 16440000 events
Processed 16450000 events
Processed 16460000 events
Processed 16470000 events
Processed 16480000 events
Processed 16490000 events
Processed 16500000 events
Processed 16510000 events
Processed 16520000 events
Processed 16530000 events
Processed 16540000 events
Processed 16550000 events
Processed 16560000 events
Processed 16570000 events
Processed 16580000 events
Processed 16590000 events
Processed 16600000 events
Processed 16610000 events
Processed 16620000 events
Processed 16630000 events
Processed 16640000 events
Processed 16650000 events
Processed 16660000 events
Processed 16670000 events
Processed 16680000 events
Processed 16690000 events
Processed 16700000 events
Processed 16710000 events
Processed 16720000 events
Processed 16730000 events
Processed 16740000 events
Processed 16750000 events
Processed 16760000 events
Processed 16770000 events
Processed 16780000 events
Processed 16790000 events
Processed 16800000 events
Processed 16810000 events
Processed 16820000 events
Processed 16830000 events
Processed 16840000 events
Processed 16850000 events
Processed 16860000 events
Processed 16870000 events
Processed 16880000 events
Processed 16890000 events
Processed 16900000 events
Processed 16910000 events
Processed 16920000 events
Processed 16930000 events
Processed 16940000 events
Processed 16950000 events
Processed 16960000 events
Processed 16970000 events
Processed 16980000 events
Processed 16990000 events
Processed 17000000 events
Processed 17010000 events
Processed 17020000 events
Processed 17030000 events
Processed 17040000 events
Processed 17050000 events
Processed 17060000 events
Processed 17070000 events
Processed 17080000 events
Processed 17090000 events
Processed 17100000 events
Processed 17110000 events
Processed 17120000 events
Processed 17130000 events
Processed 17140000 events
Processed 17150000 events
Processed 17160000 events
Processed 17170000 events
Processed 17180000 events
Processed 17190000 events
Processed 17200000 events
Processed 17210000 events
Processed 17220000 events
Processed 17230000 events
Processed 17240000 events
Processed 17250000 events
Processed 17260000 events
Processed 17270000 events
Processed 17280000 events
Processed 17290000 events
Processed 17300000 events
Processed 17310000 events
Processed 17320000 events
Processed 17330000 events
Processed 17340000 events
Processed 17350000 events
Processed 17360000 events
Processed 17370000 events
Processed 17380000 events
Processed 17390000 events
Processed 17400000 events
Processed 17410000 events
Processed 17420000 events
Processed 17430000 events
Processed 17440000 events
Processed 17450000 events
Processed 17460000 events
Processed 17470000 events
Processed 17480000 events
Processed 17490000 events
Processed 17500000 events
Processed 17510000 events
Processed 17520000 events
Processed 17530000 events
Processed 17540000 events
Processed 17550000 events
Processed 17560000 events
Processed 17570000 events
Processed 17580000 events
Processed 17590000 events
Processed 17600000 events
Processed 17610000 events
Processed 17620000 events
Processed 17630000 events
Processed 17640000 events
Processed 17650000 events
Processed 17660000 events
Processed 17670000 events
Processed 17680000 events
Processed 17690000 events
Processed 17700000 events
Processed 17710000 events
Processed 17720000 events
Processed 17730000 events
Processed 17740000 events
Processed 17750000 events
Processed 17760000 events
Processed 17770000 events
Processed 17780000 events
Processed 17790000 events
Processed 17800000 events
Processed 17810000 events
Processed 17820000 events
Processed 17830000 events
Processed 17840000 events
Processed 17850000 events
Processed 17860000 events
Processed 17870000 events
Processed 17880000 events
Processed 17890000 events
Processed 17900000 events
Processed 17910000 events
Processed 17920000 events
Processed 17930000 events
Processed 17940000 events
Processed 17950000 events
Processed 17960000 events
**************************************************
Cut 0: All events before derivations (DerivationStat_Weights) = -2.35344e-185
Cut 1: All events in derivation/ntuple = 1.79615e+07
Cut 2: GRL (for data only) = 1.79615e+07
Cut 3: Primary vertex = 1.79615e+07
Cut 4: Trigger       = 7.92349e+06
Cut 5: Global flags (data only) = 7.92349e+06
Cut 6: Bad muon      = 7.92276e+06
Cut 7: >= 1 jet passes jet OR = 3.54893e+06
Cut 8: Bad jet       = 3.54056e+06
Cut 9: >= 1 signal jet = 3.53996e+06
Cut 10: Cosmic muons veto = 3.52637e+06
Cut 11: >= 2 baseline leptons > 10 GeV = 3.24245e+06
Cut 12: >= 2 signal leptons > 20 GeV = 2.65184e+06
Cut 13: Same sign    = 535       
***** El-El channel *****
Cut 14: Channel seperation, same-sign [20, 20]: (el-el) = 0         
Cut 15: Trigger matching: (el-el) = 0         
Cut 16: >= 1 bjet > 20 GeV: (el-el) = 0         
Cut 17: 4 jets > 50 GeV: (el-el) = 0         
Cut 18: MET > 125 GeV: (el-el) = 0         
***** El-Mu channel *****
Cut 14: Channel seperation, same-sign [20, 20]: (el-mu) = 341       
Cut 15: Trigger matching: (el-mu) = 314       
Cut 16: >= 1 bjet > 20 GeV: (el-mu) = 14        
Cut 17: 4 jets > 50 GeV: (el-mu) = 0         
Cut 18: MET > 125 GeV: (el-mu) = 0         
***** Mu-Mu channel *****
Cut 14: Channel seperation, same-sign [20, 20]: (mu-mu) = 194       
Cut 15: Trigger matching: (mu-mu) = 193       
Cut 16: >= 1 bjet > 20 GeV: (mu-mu) = 30        
Cut 17: 4 jets > 50 GeV: (mu-mu) = 0         
Cut 18: MET > 125 GeV: (mu-mu) = 0         
**************************************************
**************************************************
 Sum of EventWeight for each cut
**************************************************
Cut 0: All events before derivations (DerivationStat_Weights) = 0         
Cut 1: All events in derivation/ntuple = 3.19599e+10
Cut 2: GRL (for data only) = 3.19599e+10
Cut 3: Primary vertex = 3.19599e+10
Cut 4: Trigger       = 1.38777e+10
Cut 5: Global flags (data only) = 1.38777e+10
Cut 6: Bad muon      = 1.38764e+10
Cut 7: >= 1 jet passes jet OR = 5.87307e+09
Cut 8: Bad jet       = 5.86018e+09
Cut 9: >= 1 signal jet = 6.134e+09 
Cut 10: Cosmic muons veto = 6.11375e+09
Cut 11: >= 2 baseline leptons > 10 GeV = 5.64459e+09
Cut 12: >= 2 signal leptons > 20 GeV = 4.61931e+09
Cut 13: Same sign    = 851410    
***** El-El channel *****
Cut 14: Channel seperation, same-sign [20, 20]: (el-el) = 0         
Cut 15: Trigger matching: (el-el) = 0         
Cut 16: >= 1 bjet > 20 GeV: (el-el) = 0         
Cut 17: 4 jets > 50 GeV: (el-el) = 0         
Cut 18: MET > 125 GeV: (el-el) = 0         
***** El-Mu channel *****
Cut 14: Channel seperation, same-sign [20, 20]: (el-mu) = 562767    
Cut 15: Trigger matching: (el-mu) = 509733    
Cut 16: >= 1 bjet > 20 GeV: (el-mu) = 22784.6   
Cut 17: 4 jets > 50 GeV: (el-mu) = 0         
Cut 18: MET > 125 GeV: (el-mu) = 0         
***** Mu-Mu channel *****
Cut 14: Channel seperation, same-sign [20, 20]: (mu-mu) = 288643    
Cut 15: Trigger matching: (mu-mu) = 286838    
Cut 16: >= 1 bjet > 20 GeV: (mu-mu) = 50658.6   
Cut 17: 4 jets > 50 GeV: (mu-mu) = 0         
Cut 18: MET > 125 GeV: (mu-mu) = 0         
**************************************************
worker finished:
Real time 0:14:28, CP time 864.790
